<?xml version="1.0" encoding="UTF-8"?>
<!-- Generated by org.testng.reporters.JUnitXMLReporter -->
<testsuite ignored="0" hostname="Rutuja" failures="0" tests="3" name="OpenCart LoginPageTest" time="42.623" errors="0" timestamp="2024-11-12T22:58:58 IST">
  <testcase classname="com.qa.opencart.pagetests.LoginPageTest" name="NavigateToLoginPageTest" time="0.615"/>
  <testcase classname="com.qa.opencart.pagetests.LoginPageTest" name="PageUrlTest" time="0.002"/>
  <testcase classname="com.qa.opencart.pagetests.LoginPageTest" name="LoginTest" time="1.643"/>
</testsuite> <!-- OpenCart LoginPageTest -->
