<?xml version="1.0" encoding="UTF-8"?>
<!-- Generated by org.testng.reporters.JUnitXMLReporter -->
<testsuite ignored="0" hostname="Rutuja" failures="0" tests="3" name="OpenCart HomePageTest" time="33.135" errors="0" timestamp="2024-11-12T22:58:49 IST">
  <testcase classname="com.qa.opencart.pagetests.HomePageTest" name="HomePageTitleTest" time="0.159"/>
  <testcase classname="com.qa.opencart.pagetests.HomePageTest" name="SearchItemTest" time="0.896"/>
  <testcase classname="com.qa.opencart.pagetests.HomePageTest" name="SearchItemTest" time="0.632"/>
</testsuite> <!-- OpenCart HomePageTest -->
